2016-11-05 11:08:56,398 [Thread-5:140713812461312] [django.request:182] [base:get_response] [WARNING]- Not Found: /favicon.ico
2016-11-05 14:01:33,331 [Thread-199:139629973985024] [django.request:182] [base:get_response] [WARNING]- Not Found: /category/uploads/ad/2016/11/blog1.png
2016-11-05 14:01:33,344 [Thread-201:139629982377728] [django.request:182] [base:get_response] [WARNING]- Not Found: /category/uploads/ad/2016/11/blog1_p3N0KOH.png
2016-11-05 14:01:33,351 [Thread-200:139629973985024] [django.request:182] [base:get_response] [WARNING]- Not Found: /category/uploads/ad/2016/11/blog2.png
2016-11-05 14:10:53,351 [Thread-294:139629982377728] [django.request:182] [base:get_response] [WARNING]- Not Found: /category/uploads/ad/2016/11/blog1.png
2016-11-05 14:10:53,354 [Thread-295:139630340196096] [django.request:182] [base:get_response] [WARNING]- Not Found: /category/uploads/ad/2016/11/blog2.png
2016-11-05 14:10:53,364 [Thread-296:139629990770432] [django.request:182] [base:get_response] [WARNING]- Not Found: /category/uploads/ad/2016/11/blog1_p3N0KOH.png
2016-11-05 14:20:30,227 [Thread-14:140647419864832] [django.request:182] [base:get_response] [WARNING]- Not Found: /category/uploads/ad/2016/11/blog1.png
2016-11-05 14:20:30,236 [Thread-15:140647419864832] [django.request:182] [base:get_response] [WARNING]- Not Found: /category/uploads/ad/2016/11/blog2.png
2016-11-05 14:20:30,237 [Thread-16:140647428257536] [django.request:182] [base:get_response] [WARNING]- Not Found: /category/uploads/ad/2016/11/blog1_p3N0KOH.png
2016-11-05 14:20:51,845 [Thread-18:140647428257536] [django.request:182] [base:get_response] [WARNING]- Not Found: /category/uploads/ad/2016/11/blog1.png
2016-11-05 14:20:51,849 [Thread-19:140647419864832] [django.request:182] [base:get_response] [WARNING]- Not Found: /category/uploads/ad/2016/11/blog2.png
2016-11-05 14:20:51,855 [Thread-20:140647394686720] [django.request:182] [base:get_response] [WARNING]- Not Found: /category/uploads/ad/2016/11/blog1_p3N0KOH.png
2016-11-05 14:20:57,823 [Thread-22:140647394686720] [django.request:182] [base:get_response] [WARNING]- Not Found: /category/uploads/ad/2016/11/blog1.png
2016-11-05 14:20:57,823 [Thread-23:140647419864832] [django.request:182] [base:get_response] [WARNING]- Not Found: /category/uploads/ad/2016/11/blog2.png
2016-11-05 14:20:57,834 [Thread-24:140647428257536] [django.request:182] [base:get_response] [WARNING]- Not Found: /category/uploads/ad/2016/11/blog1_p3N0KOH.png
2016-11-05 14:20:58,699 [Thread-26:140647428257536] [django.request:182] [base:get_response] [WARNING]- Not Found: /category/uploads/ad/2016/11/blog1.png
2016-11-05 14:20:58,706 [Thread-27:140647419864832] [django.request:182] [base:get_response] [WARNING]- Not Found: /category/uploads/ad/2016/11/blog2.png
2016-11-05 14:20:58,710 [Thread-28:140647428257536] [django.request:182] [base:get_response] [WARNING]- Not Found: /category/uploads/ad/2016/11/blog1_p3N0KOH.png
2016-11-05 14:22:13,145 [Thread-31:140647428257536] [django.request:182] [base:get_response] [WARNING]- Not Found: /category/uploads/ad/2016/11/blog1.png
2016-11-05 14:22:13,147 [Thread-32:140647419864832] [django.request:182] [base:get_response] [WARNING]- Not Found: /category/uploads/ad/2016/11/blog2.png
2016-11-05 14:22:13,148 [Thread-33:140647394686720] [django.request:182] [base:get_response] [WARNING]- Not Found: /category/uploads/ad/2016/11/blog1_p3N0KOH.png
2016-11-05 14:22:14,033 [Thread-35:140647394686720] [django.request:182] [base:get_response] [WARNING]- Not Found: /category/uploads/ad/2016/11/blog1.png
2016-11-05 14:22:14,037 [Thread-36:140647428257536] [django.request:182] [base:get_response] [WARNING]- Not Found: /category/uploads/ad/2016/11/blog2.png
2016-11-05 14:22:14,077 [Thread-37:140647419864832] [django.request:182] [base:get_response] [WARNING]- Not Found: /category/uploads/ad/2016/11/blog1_p3N0KOH.png
2016-11-05 14:22:14,954 [Thread-39:140647428257536] [django.request:182] [base:get_response] [WARNING]- Not Found: /category/uploads/ad/2016/11/blog1.png
2016-11-05 14:22:14,962 [Thread-40:140647419864832] [django.request:182] [base:get_response] [WARNING]- Not Found: /category/uploads/ad/2016/11/blog2.png
2016-11-05 14:22:14,967 [Thread-41:140647394686720] [django.request:182] [base:get_response] [WARNING]- Not Found: /category/uploads/ad/2016/11/blog1_p3N0KOH.png
2016-11-05 14:22:15,574 [Thread-43:140647419864832] [django.request:182] [base:get_response] [WARNING]- Not Found: /category/uploads/ad/2016/11/blog1.png
2016-11-05 14:22:15,580 [Thread-44:140647394686720] [django.request:182] [base:get_response] [WARNING]- Not Found: /category/uploads/ad/2016/11/blog2.png
2016-11-05 14:22:15,584 [Thread-45:140647419864832] [django.request:182] [base:get_response] [WARNING]- Not Found: /category/uploads/ad/2016/11/blog1_p3N0KOH.png
2016-11-05 14:22:23,569 [Thread-49:140647419864832] [django.request:182] [base:get_response] [WARNING]- Not Found: /category/uploads/ad/2016/11/blog1.png
2016-11-05 14:22:23,577 [Thread-50:140647394686720] [django.request:182] [base:get_response] [WARNING]- Not Found: /category/uploads/ad/2016/11/blog2.png
2016-11-05 14:22:23,591 [Thread-51:140647428257536] [django.request:182] [base:get_response] [WARNING]- Not Found: /category/uploads/ad/2016/11/blog1_p3N0KOH.png
2016-11-05 14:23:00,557 [Thread-53:140647394686720] [django.request:182] [base:get_response] [WARNING]- Not Found: /category/myblog/uploads/ad/2016/11/blog1.png
2016-11-05 14:23:00,583 [Thread-59:140647411472128] [django.request:182] [base:get_response] [WARNING]- Not Found: /category/myblog/uploads/ad/2016/11/blog2.png
2016-11-05 14:23:00,584 [Thread-60:140647428257536] [django.request:182] [base:get_response] [WARNING]- Not Found: /category/myblog/uploads/ad/2016/11/blog1_p3N0KOH.png
2016-11-05 14:23:01,336 [Thread-67:140647419864832] [django.request:182] [base:get_response] [WARNING]- Not Found: /category/myblog/uploads/ad/2016/11/blog1.png
2016-11-05 14:23:01,344 [Thread-68:140647411472128] [django.request:182] [base:get_response] [WARNING]- Not Found: /category/myblog/uploads/ad/2016/11/blog2.png
2016-11-05 14:23:01,349 [Thread-69:140647428257536] [django.request:182] [base:get_response] [WARNING]- Not Found: /category/myblog/uploads/ad/2016/11/blog1_p3N0KOH.png
2016-11-05 14:23:01,884 [Thread-76:140647411472128] [django.request:182] [base:get_response] [WARNING]- Not Found: /category/myblog/uploads/ad/2016/11/blog1.png
2016-11-05 14:23:01,890 [Thread-77:140647511648000] [django.request:182] [base:get_response] [WARNING]- Not Found: /category/myblog/uploads/ad/2016/11/blog2.png
2016-11-05 14:23:01,899 [Thread-78:140647419864832] [django.request:182] [base:get_response] [WARNING]- Not Found: /category/myblog/uploads/ad/2016/11/blog1_p3N0KOH.png
2016-11-05 14:23:02,645 [Thread-80:140647419864832] [django.request:182] [base:get_response] [WARNING]- Not Found: /myblog/uploads/ad/2016/11/blog1.png
2016-11-05 14:23:02,646 [Thread-81:140647511648000] [django.request:182] [base:get_response] [WARNING]- Not Found: /myblog/uploads/ad/2016/11/blog2.png
2016-11-05 14:23:02,647 [Thread-82:140647411472128] [django.request:182] [base:get_response] [WARNING]- Not Found: /myblog/uploads/ad/2016/11/blog1_p3N0KOH.png
2016-11-05 14:23:04,167 [Thread-84:140647411472128] [django.request:182] [base:get_response] [WARNING]- Not Found: /myblog/uploads/ad/2016/11/blog1.png
2016-11-05 14:23:04,168 [Thread-85:140647511648000] [django.request:182] [base:get_response] [WARNING]- Not Found: /myblog/uploads/ad/2016/11/blog2.png
2016-11-05 14:23:04,173 [Thread-86:140647419864832] [django.request:182] [base:get_response] [WARNING]- Not Found: /myblog/uploads/ad/2016/11/blog1_p3N0KOH.png
2016-11-05 14:23:04,853 [Thread-88:140647411472128] [django.request:182] [base:get_response] [WARNING]- Not Found: /category/myblog/uploads/ad/2016/11/blog1.png
2016-11-05 14:23:04,854 [Thread-89:140647419864832] [django.request:182] [base:get_response] [WARNING]- Not Found: /category/myblog/uploads/ad/2016/11/blog2.png
2016-11-05 14:23:04,863 [Thread-90:140647511648000] [django.request:182] [base:get_response] [WARNING]- Not Found: /category/myblog/uploads/ad/2016/11/blog1_p3N0KOH.png
2016-11-05 14:23:05,614 [Thread-92:140647511648000] [django.request:182] [base:get_response] [WARNING]- Not Found: /myblog/uploads/ad/2016/11/blog1.png
2016-11-05 14:23:05,619 [Thread-93:140647411472128] [django.request:182] [base:get_response] [WARNING]- Not Found: /myblog/uploads/ad/2016/11/blog2.png
2016-11-05 14:23:05,624 [Thread-94:140647511648000] [django.request:182] [base:get_response] [WARNING]- Not Found: /myblog/uploads/ad/2016/11/blog1_p3N0KOH.png
2016-11-05 14:34:03,680 [Thread-179:140647511648000] [django.request:182] [base:get_response] [WARNING]- Not Found: /favicon.ico
2016-11-05 14:35:38,213 [Thread-187:140647428257536] [django.request:182] [base:get_response] [WARNING]- Not Found: /favicon.ico
